Using pre-set license

 COMMAND LINE ARGUMENTS:
/Applications/Unity/Hub/Editor/2020.2.7f1/Unity.app/Contents/MacOS/Unity
-adb2
-batchMode
-noUpm
-name
AssetImportWorker0
-projectPath
/Users/kobayashimayaka/unity_game/KoroKoro
-logFile
Logs/AssetImportWorker0.log
-srvPort
55944
Successfully changed project path to: /Users/kobayashimayaka/unity_game/KoroKoro
/Users/kobayashimayaka/unity_game/KoroKoro
Using Asset Import Pipeline V2.
Refreshing native plugins compatible for Editor in 23.09 ms, found 1 plugins.
Preloading 0 native plugins for Editor in 0.00 ms.
Initialize engine version: 2020.2.7f1 (c53830e277f1)
[Subsystems] Discovering subsystems at path /Applications/Unity/Hub/Editor/2020.2.7f1/Unity.app/Contents/Resources/UnitySubsystems
[Subsystems] Discovering subsystems at path /Users/kobayashimayaka/unity_game/KoroKoro/Assets
GfxDevice: creating device client; threaded=0
2022-02-17 22:49:51.317 Unity[63292:4770810] Color LCD preferred device: Intel(R) Iris(TM) Plus Graphics 655 (low power)
2022-02-17 22:49:51.317 Unity[63292:4770810] Metal devices available: 1
2022-02-17 22:49:51.317 Unity[63292:4770810] 0: Intel(R) Iris(TM) Plus Graphics 655 (low power)
2022-02-17 22:49:51.317 Unity[63292:4770810] Using device Intel(R) Iris(TM) Plus Graphics 655 (low power)
Initializing Metal device caps: Intel(R) Iris(TM) Plus Graphics 655
Initialize mono
Mono path[0] = '/Applications/Unity/Hub/Editor/2020.2.7f1/Unity.app/Contents/Managed'
Mono path[1] = '/Applications/Unity/Hub/Editor/2020.2.7f1/Unity.app/Contents/MonoBleedingEdge/lib/mono/unityjit'
Mono config path = '/Applications/Unity/Hub/Editor/2020.2.7f1/Unity.app/Contents/MonoBleedingEdge/etc'
Using monoOptions --debugger-agent=transport=dt_socket,embedding=1,server=y,suspend=n,address=127.0.0.1:56292
Begin MonoManager ReloadAssembly
Registering precompiled unity dll's ...
Register platform support module: /Applications/Unity/Hub/Editor/2020.2.7f1/Unity.app/Contents/PlaybackEngines/MacStandaloneSupport/UnityEditor.OSXStandalone.Extensions.dll
Registered in 0.002729 seconds.
Native extension for OSXStandalone target not found
Refreshing native plugins compatible for Editor in 22.37 ms, found 1 plugins.
Preloading 0 native plugins for Editor in 0.00 ms.
Invoked RoslynAnalysisRunner static constructor.
RoslynAnalysisRunner will not be running.
RoslynAnalysisRunner has terminated.
Mono: successfully reloaded assembly
- Completed reload, in  4.732 seconds
Platform modules already initialized, skipping
Registering precompiled user dll's ...
Registered in 0.000304 seconds.
Begin MonoManager ReloadAssembly
Native extension for OSXStandalone target not found
Refreshing native plugins compatible for Editor in 0.24 ms, found 1 plugins.
Preloading 0 native plugins for Editor in 0.00 ms.
Invoked RoslynAnalysisRunner static constructor.
RoslynAnalysisRunner will not be running.
RoslynAnalysisRunner has terminated.
Mono: successfully reloaded assembly
- Completed reload, in  0.872 seconds
Platform modules already initialized, skipping
========================================================================
Worker process is ready to serve import requests
Launching external process: /Applications/Unity/Hub/Editor/2020.2.7f1/Unity.app/Contents/Tools/UnityShaderCompiler
Launched and connected shader compiler UnityShaderCompiler after 0.02 seconds
Refreshing native plugins compatible for Editor in 0.25 ms, found 1 plugins.
Preloading 0 native plugins for Editor in 0.00 ms.
Unloading 1115 Unused Serialized files (Serialized files now loaded: 0)
System memory in use before: 113.2 MB.
System memory in use after: 113.2 MB.

Unloading 10 unused Assets to reduce memory usage. Loaded Objects now: 1557.
Total: 2.172212 ms (FindLiveObjects: 0.163572 ms CreateObjectMapping: 0.039274 ms MarkObjects: 1.869611 ms  DeleteObjects: 0.098049 ms)

========================================================================
Received Import Request.
  path: Assets/Scenes
  artifactKey: Guid(f7f8de81b46b44e198821c7dc495e382) Importer(815301076,1909f56bfc062723c751e8b465ee728b)
Start importing Assets/Scenes using Guid(f7f8de81b46b44e198821c7dc495e382) Importer(815301076,1909f56bfc062723c751e8b465ee728b)  -> (artifact id: 'd3b1acc4c8e1e9759211ea7d0b457a3f') in 0.004665 seconds
  Import took 0.008970 seconds .

========================================================================
Received Import Request.
  Time since last request: 38.343595 seconds.
  path: Assets/Clear.unity
  artifactKey: Guid(36cf25fcfa03242b1aba7a4fefe5a2ed) Importer(815301076,1909f56bfc062723c751e8b465ee728b)
Start importing Assets/Clear.unity using Guid(36cf25fcfa03242b1aba7a4fefe5a2ed) Importer(815301076,1909f56bfc062723c751e8b465ee728b)  -> (artifact id: 'a78887f1d1905013c47b45625bdbd20b') in 0.013970 seconds
  Import took 0.017304 seconds .

========================================================================
Received Import Request.
  Time since last request: 4.771181 seconds.
  path: Assets/Scenes/Start.unity
  artifactKey: Guid(ff8ba5b204ac14a7798850b321de6b6b) Importer(815301076,1909f56bfc062723c751e8b465ee728b)
Start importing Assets/Scenes/Start.unity using Guid(ff8ba5b204ac14a7798850b321de6b6b) Importer(815301076,1909f56bfc062723c751e8b465ee728b)  -> (artifact id: '177b1ec3e6fd97585064365022004694') in 0.001848 seconds
  Import took 0.005240 seconds .

========================================================================
Received Import Request.
  Time since last request: 419.754146 seconds.
  path: Assets/Scenes/GameOver.unity
  artifactKey: Guid(757f8b38e7af54bafb7bc28906a746b5) Importer(815301076,1909f56bfc062723c751e8b465ee728b)
Start importing Assets/Scenes/GameOver.unity using Guid(757f8b38e7af54bafb7bc28906a746b5) Importer(815301076,1909f56bfc062723c751e8b465ee728b)  -> (artifact id: 'caccebd908288bdd52fd80caa51adab6') in 0.001502 seconds
  Import took 0.005008 seconds .

========================================================================
Received Prepare
Registering precompiled user dll's ...
Registered in 0.000333 seconds.
Begin MonoManager ReloadAssembly
Native extension for OSXStandalone target not found
Refreshing native plugins compatible for Editor in 0.22 ms, found 1 plugins.
Preloading 0 native plugins for Editor in 0.00 ms.
Invoked RoslynAnalysisRunner static constructor.
RoslynAnalysisRunner will not be running.
RoslynAnalysisRunner has terminated.
Mono: successfully reloaded assembly
- Completed reload, in  0.872 seconds
Platform modules already initialized, skipping
Refreshing native plugins compatible for Editor in 0.21 ms, found 1 plugins.
Preloading 0 native plugins for Editor in 0.00 ms.
Unloading 1111 Unused Serialized files (Serialized files now loaded: 0)
System memory in use before: 113.9 MB.
System memory in use after: 114.0 MB.

Unloading 5 unused Assets to reduce memory usage. Loaded Objects now: 1561.
Total: 1.571980 ms (FindLiveObjects: 0.139216 ms CreateObjectMapping: 0.032031 ms MarkObjects: 1.351683 ms  DeleteObjects: 0.047744 ms)

========================================================================
Received Import Request.
  Time since last request: 356.197173 seconds.
  path: Assets/Scenes/Start.unity
  artifactKey: Guid(ff8ba5b204ac14a7798850b321de6b6b) Importer(815301076,1909f56bfc062723c751e8b465ee728b)
Start importing Assets/Scenes/Start.unity using Guid(ff8ba5b204ac14a7798850b321de6b6b) Importer(815301076,1909f56bfc062723c751e8b465ee728b)  -> (artifact id: '7b37dcb9529bba7dcb5e57794ccad723') in 0.014152 seconds
  Import took 0.016730 seconds .

========================================================================
Received Import Request.
  Time since last request: 10.706558 seconds.
  path: Assets/Scenes/Clear.unity
  artifactKey: Guid(36cf25fcfa03242b1aba7a4fefe5a2ed) Importer(815301076,1909f56bfc062723c751e8b465ee728b)
Start importing Assets/Scenes/Clear.unity using Guid(36cf25fcfa03242b1aba7a4fefe5a2ed) Importer(815301076,1909f56bfc062723c751e8b465ee728b)  -> (artifact id: '9e68b873658b577ced32002ae8c9c211') in 0.002331 seconds
  Import took 0.008341 seconds .

========================================================================
Received Import Request.
  Time since last request: 5.016787 seconds.
  path: Assets/Scenes/GameOver.unity
  artifactKey: Guid(757f8b38e7af54bafb7bc28906a746b5) Importer(815301076,1909f56bfc062723c751e8b465ee728b)
Start importing Assets/Scenes/GameOver.unity using Guid(757f8b38e7af54bafb7bc28906a746b5) Importer(815301076,1909f56bfc062723c751e8b465ee728b)  -> (artifact id: '085230f7528764a1db95ea6983d7bbbe') in 0.003859 seconds
  Import took 0.007835 seconds .

========================================================================
Received Import Request.
  Time since last request: 9.545790 seconds.
  path: Assets/Scenes/Start.unity
  artifactKey: Guid(ff8ba5b204ac14a7798850b321de6b6b) Importer(815301076,1909f56bfc062723c751e8b465ee728b)
Start importing Assets/Scenes/Start.unity using Guid(ff8ba5b204ac14a7798850b321de6b6b) Importer(815301076,1909f56bfc062723c751e8b465ee728b)  -> (artifact id: '0e836b95a02fbd133e2e81f9b1e6a75b') in 0.001520 seconds
  Import took 0.004025 seconds .

========================================================================
Received Import Request.
  Time since last request: 17.002383 seconds.
  path: Assets/Scripts/GameStarter.cs
  artifactKey: Guid(31aa88a02d25b4ff497e4c7298e9de66) Importer(815301076,1909f56bfc062723c751e8b465ee728b)
Start importing Assets/Scripts/GameStarter.cs using Guid(31aa88a02d25b4ff497e4c7298e9de66) Importer(815301076,1909f56bfc062723c751e8b465ee728b)  -> (artifact id: 'd916e96072da4032725f5468e9ef4627') in 3.280193 seconds
  Import took 3.282728 seconds .

========================================================================
Received Prepare
Registering precompiled user dll's ...
Registered in 0.000317 seconds.
Begin MonoManager ReloadAssembly
Native extension for OSXStandalone target not found
Refreshing native plugins compatible for Editor in 0.37 ms, found 1 plugins.
Preloading 0 native plugins for Editor in 0.00 ms.
Invoked RoslynAnalysisRunner static constructor.
RoslynAnalysisRunner will not be running.
RoslynAnalysisRunner has terminated.
Mono: successfully reloaded assembly
- Completed reload, in  1.141 seconds
Platform modules already initialized, skipping
Refreshing native plugins compatible for Editor in 0.21 ms, found 1 plugins.
Preloading 0 native plugins for Editor in 0.00 ms.
Unloading 1112 Unused Serialized files (Serialized files now loaded: 0)
System memory in use before: 118.5 MB.
System memory in use after: 118.6 MB.

Unloading 5 unused Assets to reduce memory usage. Loaded Objects now: 1565.
Total: 1.536258 ms (FindLiveObjects: 0.197558 ms CreateObjectMapping: 0.031938 ms MarkObjects: 1.267013 ms  DeleteObjects: 0.038676 ms)

========================================================================
Received Import Request.
  Time since last request: 1.830359 seconds.
  path: Assets/Scripts/GameStarter.cs
  artifactKey: Guid(31aa88a02d25b4ff497e4c7298e9de66) Importer(815301076,1909f56bfc062723c751e8b465ee728b)
Start importing Assets/Scripts/GameStarter.cs using Guid(31aa88a02d25b4ff497e4c7298e9de66) Importer(815301076,1909f56bfc062723c751e8b465ee728b)  -> (artifact id: 'd916e96072da4032725f5468e9ef4627') in 0.007020 seconds
  Import took 0.008972 seconds .

========================================================================
Received Import Request.
  Time since last request: 69.595806 seconds.
  path: Assets/Scripts/GameStarter.cs
  artifactKey: Guid(31aa88a02d25b4ff497e4c7298e9de66) Importer(815301076,1909f56bfc062723c751e8b465ee728b)
Start importing Assets/Scripts/GameStarter.cs using Guid(31aa88a02d25b4ff497e4c7298e9de66) Importer(815301076,1909f56bfc062723c751e8b465ee728b)  -> (artifact id: 'b2de62cb7ebabaf27965e402d02c40b9') in 0.010089 seconds
  Import took 0.014856 seconds .

========================================================================
Received Prepare
Registering precompiled user dll's ...
Registered in 0.000358 seconds.
Begin MonoManager ReloadAssembly
Native extension for OSXStandalone target not found
Refreshing native plugins compatible for Editor in 0.28 ms, found 1 plugins.
Preloading 0 native plugins for Editor in 0.00 ms.
Invoked RoslynAnalysisRunner static constructor.
RoslynAnalysisRunner will not be running.
RoslynAnalysisRunner has terminated.
Mono: successfully reloaded assembly
- Completed reload, in  0.882 seconds
Platform modules already initialized, skipping
Refreshing native plugins compatible for Editor in 0.19 ms, found 1 plugins.
Preloading 0 native plugins for Editor in 0.00 ms.
Unloading 1112 Unused Serialized files (Serialized files now loaded: 0)
System memory in use before: 118.7 MB.
System memory in use after: 118.8 MB.

Unloading 5 unused Assets to reduce memory usage. Loaded Objects now: 1568.
Total: 1.948204 ms (FindLiveObjects: 0.226732 ms CreateObjectMapping: 0.112563 ms MarkObjects: 1.557484 ms  DeleteObjects: 0.048628 ms)

========================================================================
Received Prepare
Registering precompiled user dll's ...
Registered in 0.000674 seconds.
Begin MonoManager ReloadAssembly
Native extension for OSXStandalone target not found
Refreshing native plugins compatible for Editor in 0.22 ms, found 1 plugins.
Preloading 0 native plugins for Editor in 0.00 ms.
Invoked RoslynAnalysisRunner static constructor.
RoslynAnalysisRunner will not be running.
RoslynAnalysisRunner has terminated.
Mono: successfully reloaded assembly
- Completed reload, in  0.858 seconds
Platform modules already initialized, skipping
Refreshing native plugins compatible for Editor in 0.17 ms, found 1 plugins.
Preloading 0 native plugins for Editor in 0.00 ms.
Unloading 1112 Unused Serialized files (Serialized files now loaded: 0)
System memory in use before: 118.9 MB.
System memory in use after: 119.0 MB.

Unloading 5 unused Assets to reduce memory usage. Loaded Objects now: 1571.
Total: 1.929669 ms (FindLiveObjects: 0.173924 ms CreateObjectMapping: 0.060601 ms MarkObjects: 1.640709 ms  DeleteObjects: 0.049819 ms)

========================================================================
Received Import Request.
  Time since last request: 55.729813 seconds.
  path: Assets/Scenes/GameOver.unity
  artifactKey: Guid(757f8b38e7af54bafb7bc28906a746b5) Importer(815301076,1909f56bfc062723c751e8b465ee728b)
Start importing Assets/Scenes/GameOver.unity using Guid(757f8b38e7af54bafb7bc28906a746b5) Importer(815301076,1909f56bfc062723c751e8b465ee728b)  -> (artifact id: '196c70aa3623b0d3a87fb1bd315146c2') in 0.015492 seconds
  Import took 0.018499 seconds .

========================================================================
Received Import Request.
  Time since last request: 6.739812 seconds.
  path: Assets/Scripts/PlayerController.cs
  artifactKey: Guid(9bfbb30749a7a47d9b1063ddd90faf43) Importer(815301076,1909f56bfc062723c751e8b465ee728b)
Start importing Assets/Scripts/PlayerController.cs using Guid(9bfbb30749a7a47d9b1063ddd90faf43) Importer(815301076,1909f56bfc062723c751e8b465ee728b)  -> (artifact id: '841c6684985d3643161d4e03c69e52f0') in 0.005236 seconds
  Import took 0.008096 seconds .

========================================================================
Received Import Request.
  Time since last request: 0.000781 seconds.
  path: Assets/Scripts/PlayerController.cs
  artifactKey: Guid(9bfbb30749a7a47d9b1063ddd90faf43) Importer(815301076,1909f56bfc062723c751e8b465ee728b)
Start importing Assets/Scripts/PlayerController.cs using Guid(9bfbb30749a7a47d9b1063ddd90faf43) Importer(815301076,1909f56bfc062723c751e8b465ee728b)  -> (artifact id: '841c6684985d3643161d4e03c69e52f0') in 0.006051 seconds
  Import took 0.009834 seconds .

========================================================================
Received Import Request.
  Time since last request: 58.474569 seconds.
  path: Assets/Scripts/PlayerController.cs
  artifactKey: Guid(9bfbb30749a7a47d9b1063ddd90faf43) Importer(815301076,1909f56bfc062723c751e8b465ee728b)
Start importing Assets/Scripts/PlayerController.cs using Guid(9bfbb30749a7a47d9b1063ddd90faf43) Importer(815301076,1909f56bfc062723c751e8b465ee728b)  -> (artifact id: '9ce45bfe23b03e8330a0f4ef54f41b1d') in 0.003350 seconds
  Import took 0.005986 seconds .

========================================================================
Received Prepare
Registering precompiled user dll's ...
Registered in 0.000304 seconds.
Begin MonoManager ReloadAssembly
Native extension for OSXStandalone target not found
Refreshing native plugins compatible for Editor in 0.23 ms, found 1 plugins.
Preloading 0 native plugins for Editor in 0.00 ms.
Invoked RoslynAnalysisRunner static constructor.
RoslynAnalysisRunner will not be running.
RoslynAnalysisRunner has terminated.
Mono: successfully reloaded assembly
- Completed reload, in  0.850 seconds
Platform modules already initialized, skipping
Refreshing native plugins compatible for Editor in 0.17 ms, found 1 plugins.
Preloading 0 native plugins for Editor in 0.00 ms.
Unloading 1112 Unused Serialized files (Serialized files now loaded: 0)
System memory in use before: 119.1 MB.
System memory in use after: 119.2 MB.

Unloading 5 unused Assets to reduce memory usage. Loaded Objects now: 1574.
Total: 1.547136 ms (FindLiveObjects: 0.177663 ms CreateObjectMapping: 0.048030 ms MarkObjects: 1.275950 ms  DeleteObjects: 0.043127 ms)

========================================================================
Received Import Request.
  Time since last request: 24.989453 seconds.
  path: Assets/FadeEffect/Prefab/FadeManager.prefab
  artifactKey: Guid(36570fafd54ea40c28da615e07b8147f) Importer(815301076,1909f56bfc062723c751e8b465ee728b)
Start importing Assets/FadeEffect/Prefab/FadeManager.prefab using Guid(36570fafd54ea40c28da615e07b8147f) Importer(815301076,1909f56bfc062723c751e8b465ee728b)  -> (artifact id: '6dfaf597e4a0aff358d932a48a4108bb') in 1.144196 seconds
  Import took 1.146704 seconds .

========================================================================
Received Import Request.
  Time since last request: 6.394832 seconds.
  path: Assets/FadeEffect/Script/FadeManager.cs
  artifactKey: Guid(d3806249b4c9f49e2a45735d4c4ef687) Importer(815301076,1909f56bfc062723c751e8b465ee728b)
Start importing Assets/FadeEffect/Script/FadeManager.cs using Guid(d3806249b4c9f49e2a45735d4c4ef687) Importer(815301076,1909f56bfc062723c751e8b465ee728b)  -> (artifact id: 'e9e72bdf15ef790204344051f21c894d') in 0.002347 seconds
  Import took 0.006076 seconds .

========================================================================
Received Import Request.
  Time since last request: 0.003021 seconds.
  path: Assets/FadeEffect/Script/FadeManager.cs
  artifactKey: Guid(d3806249b4c9f49e2a45735d4c4ef687) Importer(815301076,1909f56bfc062723c751e8b465ee728b)
Start importing Assets/FadeEffect/Script/FadeManager.cs using Guid(d3806249b4c9f49e2a45735d4c4ef687) Importer(815301076,1909f56bfc062723c751e8b465ee728b)  -> (artifact id: 'e9e72bdf15ef790204344051f21c894d') in 0.001521 seconds
  Import took 0.003515 seconds .

========================================================================
Received Import Request.
  Time since last request: 83.502245 seconds.
  path: Assets/Scenes/Main.unity
  artifactKey: Guid(c51d94a5ede5b4f739f1baaac98e0335) Importer(815301076,1909f56bfc062723c751e8b465ee728b)
Start importing Assets/Scenes/Main.unity using Guid(c51d94a5ede5b4f739f1baaac98e0335) Importer(815301076,1909f56bfc062723c751e8b465ee728b)  -> (artifact id: '4dc7529c83bd89fdc7252caff2024c6d') in 0.003230 seconds
  Import took 0.006394 seconds .

========================================================================
Received Prepare
Registering precompiled user dll's ...
Registered in 0.000440 seconds.
Begin MonoManager ReloadAssembly
Native extension for OSXStandalone target not found
Refreshing native plugins compatible for Editor in 0.23 ms, found 1 plugins.
Preloading 0 native plugins for Editor in 0.00 ms.
Invoked RoslynAnalysisRunner static constructor.
RoslynAnalysisRunner will not be running.
RoslynAnalysisRunner has terminated.
Mono: successfully reloaded assembly
- Completed reload, in  0.867 seconds
Platform modules already initialized, skipping
Refreshing native plugins compatible for Editor in 0.26 ms, found 1 plugins.
Preloading 0 native plugins for Editor in 0.00 ms.
Unloading 1112 Unused Serialized files (Serialized files now loaded: 0)
System memory in use before: 123.7 MB.
System memory in use after: 123.7 MB.

Unloading 5 unused Assets to reduce memory usage. Loaded Objects now: 1577.
Total: 1.525901 ms (FindLiveObjects: 0.125717 ms CreateObjectMapping: 0.030938 ms MarkObjects: 1.325527 ms  DeleteObjects: 0.042393 ms)

========================================================================
Received Prepare
Registering precompiled user dll's ...
Registered in 0.000302 seconds.
Begin MonoManager ReloadAssembly
Native extension for OSXStandalone target not found
Refreshing native plugins compatible for Editor in 0.51 ms, found 1 plugins.
Preloading 0 native plugins for Editor in 0.00 ms.
Invoked RoslynAnalysisRunner static constructor.
RoslynAnalysisRunner will not be running.
RoslynAnalysisRunner has terminated.
Mono: successfully reloaded assembly
- Completed reload, in  0.847 seconds
Platform modules already initialized, skipping
Refreshing native plugins compatible for Editor in 0.25 ms, found 1 plugins.
Preloading 0 native plugins for Editor in 0.00 ms.
Unloading 1112 Unused Serialized files (Serialized files now loaded: 0)
System memory in use before: 123.8 MB.
System memory in use after: 123.9 MB.

Unloading 5 unused Assets to reduce memory usage. Loaded Objects now: 1580.
Total: 1.798420 ms (FindLiveObjects: 0.166083 ms CreateObjectMapping: 0.046753 ms MarkObjects: 1.533906 ms  DeleteObjects: 0.050096 ms)

========================================================================
Received Prepare
Registering precompiled user dll's ...
Registered in 0.000353 seconds.
Begin MonoManager ReloadAssembly
Native extension for OSXStandalone target not found
Refreshing native plugins compatible for Editor in 0.22 ms, found 1 plugins.
Preloading 0 native plugins for Editor in 0.00 ms.
Invoked RoslynAnalysisRunner static constructor.
RoslynAnalysisRunner will not be running.
RoslynAnalysisRunner has terminated.
Mono: successfully reloaded assembly
- Completed reload, in  0.846 seconds
Platform modules already initialized, skipping
Refreshing native plugins compatible for Editor in 0.17 ms, found 1 plugins.
Preloading 0 native plugins for Editor in 0.00 ms.
Unloading 1112 Unused Serialized files (Serialized files now loaded: 0)
System memory in use before: 124.0 MB.
System memory in use after: 124.1 MB.

Unloading 5 unused Assets to reduce memory usage. Loaded Objects now: 1583.
Total: 1.821533 ms (FindLiveObjects: 0.190597 ms CreateObjectMapping: 0.044208 ms MarkObjects: 1.536611 ms  DeleteObjects: 0.048892 ms)

========================================================================
Received Prepare
Registering precompiled user dll's ...
Registered in 0.000369 seconds.
Begin MonoManager ReloadAssembly
Native extension for OSXStandalone target not found
Refreshing native plugins compatible for Editor in 0.20 ms, found 1 plugins.
Preloading 0 native plugins for Editor in 0.00 ms.
Invoked RoslynAnalysisRunner static constructor.
RoslynAnalysisRunner will not be running.
RoslynAnalysisRunner has terminated.
Mono: successfully reloaded assembly
- Completed reload, in  0.866 seconds
Platform modules already initialized, skipping
Refreshing native plugins compatible for Editor in 0.18 ms, found 1 plugins.
Preloading 0 native plugins for Editor in 0.00 ms.
Unloading 1112 Unused Serialized files (Serialized files now loaded: 0)
System memory in use before: 124.2 MB.
System memory in use after: 124.3 MB.

Unloading 5 unused Assets to reduce memory usage. Loaded Objects now: 1586.
Total: 1.438791 ms (FindLiveObjects: 0.180661 ms CreateObjectMapping: 0.033841 ms MarkObjects: 1.186148 ms  DeleteObjects: 0.037097 ms)

========================================================================
Received Prepare
Registering precompiled user dll's ...
Registered in 0.000420 seconds.
Begin MonoManager ReloadAssembly
Native extension for OSXStandalone target not found
Refreshing native plugins compatible for Editor in 0.20 ms, found 1 plugins.
Preloading 0 native plugins for Editor in 0.00 ms.
Invoked RoslynAnalysisRunner static constructor.
RoslynAnalysisRunner will not be running.
RoslynAnalysisRunner has terminated.
Mono: successfully reloaded assembly
- Completed reload, in  0.856 seconds
Platform modules already initialized, skipping
Refreshing native plugins compatible for Editor in 0.21 ms, found 1 plugins.
Preloading 0 native plugins for Editor in 0.00 ms.
Unloading 1112 Unused Serialized files (Serialized files now loaded: 0)
System memory in use before: 124.4 MB.
System memory in use after: 124.5 MB.

Unloading 5 unused Assets to reduce memory usage. Loaded Objects now: 1589.
Total: 1.657982 ms (FindLiveObjects: 0.147234 ms CreateObjectMapping: 0.033897 ms MarkObjects: 1.430454 ms  DeleteObjects: 0.045078 ms)

========================================================================
Received Prepare
Registering precompiled user dll's ...
Registered in 0.000376 seconds.
Begin MonoManager ReloadAssembly
Native extension for OSXStandalone target not found
Refreshing native plugins compatible for Editor in 0.22 ms, found 1 plugins.
Preloading 0 native plugins for Editor in 0.00 ms.
Invoked RoslynAnalysisRunner static constructor.
RoslynAnalysisRunner will not be running.
RoslynAnalysisRunner has terminated.
Mono: successfully reloaded assembly
- Completed reload, in  0.848 seconds
Platform modules already initialized, skipping
Refreshing native plugins compatible for Editor in 0.34 ms, found 1 plugins.
Preloading 0 native plugins for Editor in 0.00 ms.
Unloading 1112 Unused Serialized files (Serialized files now loaded: 0)
System memory in use before: 124.6 MB.
System memory in use after: 124.6 MB.

Unloading 5 unused Assets to reduce memory usage. Loaded Objects now: 1592.
Total: 2.258290 ms (FindLiveObjects: 0.250026 ms CreateObjectMapping: 0.074542 ms MarkObjects: 1.880832 ms  DeleteObjects: 0.051741 ms)

========================================================================
Received Prepare
Registering precompiled user dll's ...
Registered in 0.001177 seconds.
Begin MonoManager ReloadAssembly
Native extension for OSXStandalone target not found
Refreshing native plugins compatible for Editor in 0.26 ms, found 1 plugins.
Preloading 0 native plugins for Editor in 0.00 ms.
Invoked RoslynAnalysisRunner static constructor.
RoslynAnalysisRunner will not be running.
RoslynAnalysisRunner has terminated.
Mono: successfully reloaded assembly
- Completed reload, in  0.983 seconds
Platform modules already initialized, skipping
Refreshing native plugins compatible for Editor in 0.20 ms, found 1 plugins.
Preloading 0 native plugins for Editor in 0.00 ms.
Unloading 1112 Unused Serialized files (Serialized files now loaded: 0)
System memory in use before: 124.8 MB.
System memory in use after: 124.8 MB.

Unloading 5 unused Assets to reduce memory usage. Loaded Objects now: 1595.
Total: 1.891087 ms (FindLiveObjects: 0.199612 ms CreateObjectMapping: 0.045582 ms MarkObjects: 1.592194 ms  DeleteObjects: 0.051679 ms)

========================================================================
Received Import Request.
  Time since last request: 289.342764 seconds.
  path: Assets/Scripts/Goal.cs
  artifactKey: Guid(0983519ae82a34cf3b23d2ee6c548e52) Importer(815301076,1909f56bfc062723c751e8b465ee728b)
Start importing Assets/Scripts/Goal.cs using Guid(0983519ae82a34cf3b23d2ee6c548e52) Importer(815301076,1909f56bfc062723c751e8b465ee728b)  -> (artifact id: '8d301ea6de8382fd1bfbd4f741a38bac') in 0.005496 seconds
  Import took 0.007723 seconds .

========================================================================
Received Prepare
Registering precompiled user dll's ...
Registered in 0.000300 seconds.
Begin MonoManager ReloadAssembly
Native extension for OSXStandalone target not found
Refreshing native plugins compatible for Editor in 0.23 ms, found 1 plugins.
Preloading 0 native plugins for Editor in 0.00 ms.
Invoked RoslynAnalysisRunner static constructor.
RoslynAnalysisRunner will not be running.
RoslynAnalysisRunner has terminated.
Mono: successfully reloaded assembly
- Completed reload, in  0.870 seconds
Platform modules already initialized, skipping
Refreshing native plugins compatible for Editor in 0.41 ms, found 1 plugins.
Preloading 0 native plugins for Editor in 0.00 ms.
Unloading 1113 Unused Serialized files (Serialized files now loaded: 0)
System memory in use before: 125.0 MB.
System memory in use after: 125.1 MB.

Unloading 5 unused Assets to reduce memory usage. Loaded Objects now: 1599.
Total: 1.648672 ms (FindLiveObjects: 0.147275 ms CreateObjectMapping: 0.033587 ms MarkObjects: 1.402795 ms  DeleteObjects: 0.054567 ms)

========================================================================
Received Import Request.
  Time since last request: 64.763609 seconds.
  path: Assets/Scripts/Goal.cs
  artifactKey: Guid(0983519ae82a34cf3b23d2ee6c548e52) Importer(815301076,1909f56bfc062723c751e8b465ee728b)
Start importing Assets/Scripts/Goal.cs using Guid(0983519ae82a34cf3b23d2ee6c548e52) Importer(815301076,1909f56bfc062723c751e8b465ee728b)  -> (artifact id: 'e805ee3c23889f7f4bcecb56c4701076') in 0.006037 seconds
  Import took 0.008668 seconds .

========================================================================
Received Prepare
Registering precompiled user dll's ...
Registered in 0.000399 seconds.
Begin MonoManager ReloadAssembly
Native extension for OSXStandalone target not found
Refreshing native plugins compatible for Editor in 0.24 ms, found 1 plugins.
Preloading 0 native plugins for Editor in 0.00 ms.
Invoked RoslynAnalysisRunner static constructor.
RoslynAnalysisRunner will not be running.
RoslynAnalysisRunner has terminated.
Mono: successfully reloaded assembly
- Completed reload, in  0.929 seconds
Platform modules already initialized, skipping
Refreshing native plugins compatible for Editor in 0.20 ms, found 1 plugins.
Preloading 0 native plugins for Editor in 0.00 ms.
Unloading 1113 Unused Serialized files (Serialized files now loaded: 0)
System memory in use before: 125.2 MB.
System memory in use after: 125.3 MB.

Unloading 5 unused Assets to reduce memory usage. Loaded Objects now: 1602.
Total: 1.980381 ms (FindLiveObjects: 0.383163 ms CreateObjectMapping: 0.082204 ms MarkObjects: 1.466819 ms  DeleteObjects: 0.047085 ms)

========================================================================
Received Prepare
Registering precompiled user dll's ...
Registered in 0.000338 seconds.
Begin MonoManager ReloadAssembly
Native extension for OSXStandalone target not found
Refreshing native plugins compatible for Editor in 0.22 ms, found 1 plugins.
Preloading 0 native plugins for Editor in 0.00 ms.
Invoked RoslynAnalysisRunner static constructor.
RoslynAnalysisRunner will not be running.
RoslynAnalysisRunner has terminated.
Mono: successfully reloaded assembly
- Completed reload, in  0.803 seconds
Platform modules already initialized, skipping
Refreshing native plugins compatible for Editor in 0.15 ms, found 1 plugins.
Preloading 0 native plugins for Editor in 0.00 ms.
Unloading 1113 Unused Serialized files (Serialized files now loaded: 0)
System memory in use before: 125.4 MB.
System memory in use after: 125.4 MB.

Unloading 5 unused Assets to reduce memory usage. Loaded Objects now: 1605.
Total: 3.432118 ms (FindLiveObjects: 0.268825 ms CreateObjectMapping: 0.104592 ms MarkObjects: 2.985539 ms  DeleteObjects: 0.071117 ms)

========================================================================
Received Import Request.
  Time since last request: 53.871454 seconds.
  path: Assets/Scripts/Goal.cs
  artifactKey: Guid(0983519ae82a34cf3b23d2ee6c548e52) Importer(815301076,1909f56bfc062723c751e8b465ee728b)
Start importing Assets/Scripts/Goal.cs using Guid(0983519ae82a34cf3b23d2ee6c548e52) Importer(815301076,1909f56bfc062723c751e8b465ee728b)  -> (artifact id: 'a5ffab2caac0dfb14230fdba20f4c61e') in 0.005520 seconds
  Import took 0.009131 seconds .

========================================================================
Received Prepare
Registering precompiled user dll's ...
Registered in 0.000407 seconds.
Begin MonoManager ReloadAssembly
Native extension for OSXStandalone target not found
Refreshing native plugins compatible for Editor in 0.23 ms, found 1 plugins.
Preloading 0 native plugins for Editor in 0.00 ms.
Invoked RoslynAnalysisRunner static constructor.
RoslynAnalysisRunner will not be running.
RoslynAnalysisRunner has terminated.
Mono: successfully reloaded assembly
- Completed reload, in  0.891 seconds
Platform modules already initialized, skipping
Refreshing native plugins compatible for Editor in 0.22 ms, found 1 plugins.
Preloading 0 native plugins for Editor in 0.00 ms.
Unloading 1113 Unused Serialized files (Serialized files now loaded: 0)
System memory in use before: 125.6 MB.
System memory in use after: 125.6 MB.

Unloading 5 unused Assets to reduce memory usage. Loaded Objects now: 1608.
Total: 1.704175 ms (FindLiveObjects: 0.219470 ms CreateObjectMapping: 0.037733 ms MarkObjects: 1.390085 ms  DeleteObjects: 0.045018 ms)

========================================================================
Received Prepare
Registering precompiled user dll's ...
Registered in 0.000505 seconds.
Begin MonoManager ReloadAssembly
Native extension for OSXStandalone target not found
Refreshing native plugins compatible for Editor in 0.22 ms, found 1 plugins.
Preloading 0 native plugins for Editor in 0.00 ms.
Invoked RoslynAnalysisRunner static constructor.
RoslynAnalysisRunner will not be running.
RoslynAnalysisRunner has terminated.
Mono: successfully reloaded assembly
- Completed reload, in  0.873 seconds
Platform modules already initialized, skipping
Refreshing native plugins compatible for Editor in 0.26 ms, found 1 plugins.
Preloading 0 native plugins for Editor in 0.00 ms.
Unloading 1113 Unused Serialized files (Serialized files now loaded: 0)
System memory in use before: 125.8 MB.
System memory in use after: 125.8 MB.

Unloading 5 unused Assets to reduce memory usage. Loaded Objects now: 1611.
Total: 1.947549 ms (FindLiveObjects: 0.195927 ms CreateObjectMapping: 0.036311 ms MarkObjects: 1.662138 ms  DeleteObjects: 0.051459 ms)

========================================================================
Received Import Request.
  Time since last request: 212.103882 seconds.
  path: Assets/Scripts/Retry.cs
  artifactKey: Guid(aab5b33a1c1134c0fbcce49440da27ca) Importer(815301076,1909f56bfc062723c751e8b465ee728b)
Start importing Assets/Scripts/Retry.cs using Guid(aab5b33a1c1134c0fbcce49440da27ca) Importer(815301076,1909f56bfc062723c751e8b465ee728b)  -> (artifact id: 'a42cc199a0522c3daa2a950e265ee40f') in 0.006184 seconds
  Import took 0.008003 seconds .

========================================================================
Received Prepare
Registering precompiled user dll's ...
Registered in 0.000501 seconds.
Begin MonoManager ReloadAssembly
Native extension for OSXStandalone target not found
Refreshing native plugins compatible for Editor in 0.23 ms, found 1 plugins.
Preloading 0 native plugins for Editor in 0.00 ms.
Invoked RoslynAnalysisRunner static constructor.
RoslynAnalysisRunner will not be running.
RoslynAnalysisRunner has terminated.
Mono: successfully reloaded assembly
- Completed reload, in  0.889 seconds
Platform modules already initialized, skipping
Refreshing native plugins compatible for Editor in 0.29 ms, found 1 plugins.
Preloading 0 native plugins for Editor in 0.00 ms.
Unloading 1114 Unused Serialized files (Serialized files now loaded: 0)
System memory in use before: 126.0 MB.
System memory in use after: 126.0 MB.

Unloading 5 unused Assets to reduce memory usage. Loaded Objects now: 1615.
Total: 1.603149 ms (FindLiveObjects: 0.178021 ms CreateObjectMapping: 0.032817 ms MarkObjects: 1.346050 ms  DeleteObjects: 0.045157 ms)

========================================================================
Received Import Request.
  Time since last request: 57.195045 seconds.
  path: Assets/Scripts/Retry.cs
  artifactKey: Guid(aab5b33a1c1134c0fbcce49440da27ca) Importer(815301076,1909f56bfc062723c751e8b465ee728b)
Start importing Assets/Scripts/Retry.cs using Guid(aab5b33a1c1134c0fbcce49440da27ca) Importer(815301076,1909f56bfc062723c751e8b465ee728b)  -> (artifact id: '93cf961cb1c87768286b1d0bbb480949') in 0.003716 seconds
  Import took 0.006530 seconds .

========================================================================
Received Prepare
Registering precompiled user dll's ...
Registered in 0.000311 seconds.
Begin MonoManager ReloadAssembly
Native extension for OSXStandalone target not found
Refreshing native plugins compatible for Editor in 0.37 ms, found 1 plugins.
Preloading 0 native plugins for Editor in 0.00 ms.
Invoked RoslynAnalysisRunner static constructor.
RoslynAnalysisRunner will not be running.
RoslynAnalysisRunner has terminated.
Mono: successfully reloaded assembly
- Completed reload, in  0.821 seconds
Platform modules already initialized, skipping
Refreshing native plugins compatible for Editor in 0.21 ms, found 1 plugins.
Preloading 0 native plugins for Editor in 0.00 ms.
Unloading 1114 Unused Serialized files (Serialized files now loaded: 0)
System memory in use before: 126.2 MB.
System memory in use after: 126.2 MB.

Unloading 5 unused Assets to reduce memory usage. Loaded Objects now: 1618.
Total: 1.526132 ms (FindLiveObjects: 0.150925 ms CreateObjectMapping: 0.031369 ms MarkObjects: 1.294487 ms  DeleteObjects: 0.047964 ms)

========================================================================
Received Import Request.
  Time since last request: 14.572675 seconds.
  path: Assets/Scenes/Clear.unity
  artifactKey: Guid(36cf25fcfa03242b1aba7a4fefe5a2ed) Importer(815301076,1909f56bfc062723c751e8b465ee728b)
Start importing Assets/Scenes/Clear.unity using Guid(36cf25fcfa03242b1aba7a4fefe5a2ed) Importer(815301076,1909f56bfc062723c751e8b465ee728b)  -> (artifact id: '012edd0b91ca3b8f90ce670919b409b1') in 0.017570 seconds
  Import took 0.021472 seconds .

========================================================================
Received Import Request.
  Time since last request: 8.890260 seconds.
  path: Assets/Scenes/Clear.unity
  artifactKey: Guid(36cf25fcfa03242b1aba7a4fefe5a2ed) Importer(815301076,1909f56bfc062723c751e8b465ee728b)
Start importing Assets/Scenes/Clear.unity using Guid(36cf25fcfa03242b1aba7a4fefe5a2ed) Importer(815301076,1909f56bfc062723c751e8b465ee728b)  -> (artifact id: '81278781bfd7f4f359eb72efaeca013e') in 0.001846 seconds
  Import took 0.004646 seconds .

========================================================================
Received Import Request.
  Time since last request: 32.851908 seconds.
  path: Assets/Scenes/GameOver.unity
  artifactKey: Guid(757f8b38e7af54bafb7bc28906a746b5) Importer(815301076,1909f56bfc062723c751e8b465ee728b)
Start importing Assets/Scenes/GameOver.unity using Guid(757f8b38e7af54bafb7bc28906a746b5) Importer(815301076,1909f56bfc062723c751e8b465ee728b)  -> (artifact id: 'd650181106491eb6031a4b2f104d7cb1') in 0.001724 seconds
  Import took 0.004128 seconds .

========================================================================
Received Prepare
Registering precompiled user dll's ...
Registered in 0.000520 seconds.
Begin MonoManager ReloadAssembly
Native extension for OSXStandalone target not found
Refreshing native plugins compatible for Editor in 0.21 ms, found 1 plugins.
Preloading 0 native plugins for Editor in 0.00 ms.
Invoked RoslynAnalysisRunner static constructor.
RoslynAnalysisRunner will not be running.
RoslynAnalysisRunner has terminated.
Mono: successfully reloaded assembly
- Completed reload, in  0.868 seconds
Platform modules already initialized, skipping
Refreshing native plugins compatible for Editor in 0.17 ms, found 1 plugins.
Preloading 0 native plugins for Editor in 0.00 ms.
Unloading 1114 Unused Serialized files (Serialized files now loaded: 0)
System memory in use before: 126.4 MB.
System memory in use after: 126.4 MB.

Unloading 5 unused Assets to reduce memory usage. Loaded Objects now: 1621.
Total: 2.596396 ms (FindLiveObjects: 0.408839 ms CreateObjectMapping: 0.098596 ms MarkObjects: 2.029042 ms  DeleteObjects: 0.057785 ms)

========================================================================
Received Import Request.
  Time since last request: 70.356971 seconds.
  path: Assets/Scenes/SampleScene.unity
  artifactKey: Guid(9fc0d4010bbf28b4594072e72b8655ab) Importer(815301076,1909f56bfc062723c751e8b465ee728b)
Start importing Assets/Scenes/SampleScene.unity using Guid(9fc0d4010bbf28b4594072e72b8655ab) Importer(815301076,1909f56bfc062723c751e8b465ee728b)  -> (artifact id: '9e7e0f1d87270bc844b2c421902392ea') in 0.018851 seconds
  Import took 0.021333 seconds .

========================================================================
Received Import Request.
  Time since last request: 0.745841 seconds.
  path: Assets/Scenes/Main.unity
  artifactKey: Guid(c51d94a5ede5b4f739f1baaac98e0335) Importer(815301076,1909f56bfc062723c751e8b465ee728b)
Start importing Assets/Scenes/Main.unity using Guid(c51d94a5ede5b4f739f1baaac98e0335) Importer(815301076,1909f56bfc062723c751e8b465ee728b)  -> (artifact id: '3e2b1e0c99cee6653730b2f768f660f2') in 0.002341 seconds
  Import took 0.006231 seconds .

========================================================================
Received Import Request.
  Time since last request: 14.425929 seconds.
  path: Assets/Scenes/PitFall.cs
  artifactKey: Guid(653256f9954c14421b7c8e3b341163f6) Importer(815301076,1909f56bfc062723c751e8b465ee728b)
Start importing Assets/Scenes/PitFall.cs using Guid(653256f9954c14421b7c8e3b341163f6) Importer(815301076,1909f56bfc062723c751e8b465ee728b)  -> (artifact id: '0ca01420362e13d3f3677f36150349b8') in 0.002561 seconds
  Import took 0.004434 seconds .

========================================================================
Received Import Request.
  Time since last request: 0.001853 seconds.
  path: Assets/Scenes/PitFall.cs
  artifactKey: Guid(653256f9954c14421b7c8e3b341163f6) Importer(815301076,1909f56bfc062723c751e8b465ee728b)
Start importing Assets/Scenes/PitFall.cs using Guid(653256f9954c14421b7c8e3b341163f6) Importer(815301076,1909f56bfc062723c751e8b465ee728b)  -> (artifact id: '0ca01420362e13d3f3677f36150349b8') in 0.001199 seconds
  Import took 0.002800 seconds .

========================================================================
Received Prepare
Registering precompiled user dll's ...
Registered in 0.000312 seconds.
Begin MonoManager ReloadAssembly
Native extension for OSXStandalone target not found
Refreshing native plugins compatible for Editor in 0.25 ms, found 1 plugins.
Preloading 0 native plugins for Editor in 0.00 ms.
Invoked RoslynAnalysisRunner static constructor.
RoslynAnalysisRunner will not be running.
RoslynAnalysisRunner has terminated.
Mono: successfully reloaded assembly
- Completed reload, in  0.878 seconds
Platform modules already initialized, skipping
Refreshing native plugins compatible for Editor in 0.21 ms, found 1 plugins.
Preloading 0 native plugins for Editor in 0.00 ms.
Unloading 1115 Unused Serialized files (Serialized files now loaded: 0)
System memory in use before: 126.6 MB.
System memory in use after: 126.7 MB.

Unloading 5 unused Assets to reduce memory usage. Loaded Objects now: 1625.
Total: 1.980517 ms (FindLiveObjects: 0.293419 ms CreateObjectMapping: 0.045798 ms MarkObjects: 1.583785 ms  DeleteObjects: 0.049151 ms)

========================================================================
Received Import Request.
  Time since last request: 93.961731 seconds.
  path: Assets/Scenes/PitFall.cs
  artifactKey: Guid(653256f9954c14421b7c8e3b341163f6) Importer(815301076,1909f56bfc062723c751e8b465ee728b)
Start importing Assets/Scenes/PitFall.cs using Guid(653256f9954c14421b7c8e3b341163f6) Importer(815301076,1909f56bfc062723c751e8b465ee728b)  -> (artifact id: '1aa5e32cdbaf8e9ef5dc3988a906f77e') in 0.004469 seconds
  Import took 0.006529 seconds .

========================================================================
Received Prepare
Registering precompiled user dll's ...
Registered in 0.000334 seconds.
Begin MonoManager ReloadAssembly
Native extension for OSXStandalone target not found
Refreshing native plugins compatible for Editor in 0.23 ms, found 1 plugins.
Preloading 0 native plugins for Editor in 0.00 ms.
Invoked RoslynAnalysisRunner static constructor.
RoslynAnalysisRunner will not be running.
RoslynAnalysisRunner has terminated.
Mono: successfully reloaded assembly
- Completed reload, in  0.848 seconds
Platform modules already initialized, skipping
Refreshing native plugins compatible for Editor in 0.21 ms, found 1 plugins.
Preloading 0 native plugins for Editor in 0.00 ms.
Unloading 1115 Unused Serialized files (Serialized files now loaded: 0)
System memory in use before: 126.8 MB.
System memory in use after: 126.9 MB.

Unloading 5 unused Assets to reduce memory usage. Loaded Objects now: 1628.
Total: 1.732315 ms (FindLiveObjects: 0.164642 ms CreateObjectMapping: 0.039934 ms MarkObjects: 1.485714 ms  DeleteObjects: 0.041136 ms)

========================================================================
Received Prepare
Registering precompiled user dll's ...
Registered in 0.000317 seconds.
Begin MonoManager ReloadAssembly
Native extension for OSXStandalone target not found
Refreshing native plugins compatible for Editor in 0.23 ms, found 1 plugins.
Preloading 0 native plugins for Editor in 0.00 ms.
Invoked RoslynAnalysisRunner static constructor.
RoslynAnalysisRunner will not be running.
RoslynAnalysisRunner has terminated.
Mono: successfully reloaded assembly
- Completed reload, in  0.873 seconds
Platform modules already initialized, skipping
Refreshing native plugins compatible for Editor in 0.21 ms, found 1 plugins.
Preloading 0 native plugins for Editor in 0.00 ms.
Unloading 1115 Unused Serialized files (Serialized files now loaded: 0)
System memory in use before: 127.0 MB.
System memory in use after: 127.1 MB.

Unloading 5 unused Assets to reduce memory usage. Loaded Objects now: 1631.
Total: 1.634528 ms (FindLiveObjects: 0.239441 ms CreateObjectMapping: 0.037022 ms MarkObjects: 1.314242 ms  DeleteObjects: 0.042883 ms)

========================================================================
Received Import Request.
  Time since last request: 71.646733 seconds.
  path: Assets/Pitfall.prefab
  artifactKey: Guid(ee231648ff1804ee5b68bdd7a54ce255) Importer(815301076,1909f56bfc062723c751e8b465ee728b)
Start importing Assets/Pitfall.prefab using Guid(ee231648ff1804ee5b68bdd7a54ce255) Importer(815301076,1909f56bfc062723c751e8b465ee728b)  -> (artifact id: '4179d5c491e120b9d19ae818782e9439') in 0.093329 seconds
  Import took 0.095377 seconds .

========================================================================
Received Import Request.
  Time since last request: 0.012763 seconds.
  path: Assets/Pitfall.prefab
  artifactKey: Guid(ee231648ff1804ee5b68bdd7a54ce255) Importer(815301076,1909f56bfc062723c751e8b465ee728b)
Start importing Assets/Pitfall.prefab using Guid(ee231648ff1804ee5b68bdd7a54ce255) Importer(815301076,1909f56bfc062723c751e8b465ee728b)  -> (artifact id: '4179d5c491e120b9d19ae818782e9439') in 0.007230 seconds
  Import took 0.009524 seconds .

========================================================================
Received Import Request.
  Time since last request: 39.624079 seconds.
  path: Assets/Scripts/JumpFloor.cs
  artifactKey: Guid(e4f1c6abce8d4452c8d658345fc84489) Importer(815301076,1909f56bfc062723c751e8b465ee728b)
Start importing Assets/Scripts/JumpFloor.cs using Guid(e4f1c6abce8d4452c8d658345fc84489) Importer(815301076,1909f56bfc062723c751e8b465ee728b)  -> (artifact id: '989662028749c1f7297724c7deb15e4a') in 0.003910 seconds
  Import took 0.007069 seconds .

========================================================================
Received Prepare
Registering precompiled user dll's ...
Registered in 0.000323 seconds.
Begin MonoManager ReloadAssembly
Native extension for OSXStandalone target not found
Refreshing native plugins compatible for Editor in 0.34 ms, found 1 plugins.
Preloading 0 native plugins for Editor in 0.00 ms.
Invoked RoslynAnalysisRunner static constructor.
RoslynAnalysisRunner will not be running.
RoslynAnalysisRunner has terminated.
Mono: successfully reloaded assembly
- Completed reload, in  0.909 seconds
Platform modules already initialized, skipping
Refreshing native plugins compatible for Editor in 0.23 ms, found 1 plugins.
Preloading 0 native plugins for Editor in 0.00 ms.
Unloading 1116 Unused Serialized files (Serialized files now loaded: 0)
System memory in use before: 130.6 MB.
System memory in use after: 130.7 MB.

Unloading 6 unused Assets to reduce memory usage. Loaded Objects now: 1643.
Total: 1.677328 ms (FindLiveObjects: 0.176003 ms CreateObjectMapping: 0.037964 ms MarkObjects: 1.397162 ms  DeleteObjects: 0.063915 ms)

========================================================================
Received Import Request.
  Time since last request: 114.599401 seconds.
  path: Assets/Scripts/JumpFloor.cs
  artifactKey: Guid(e4f1c6abce8d4452c8d658345fc84489) Importer(815301076,1909f56bfc062723c751e8b465ee728b)
Start importing Assets/Scripts/JumpFloor.cs using Guid(e4f1c6abce8d4452c8d658345fc84489) Importer(815301076,1909f56bfc062723c751e8b465ee728b)  -> (artifact id: '71436ea416dcb3aa123a9d0bb43d995b') in 0.006116 seconds
  Import took 0.009724 seconds .

========================================================================
Received Prepare
Registering precompiled user dll's ...
Registered in 0.000307 seconds.
Begin MonoManager ReloadAssembly
Native extension for OSXStandalone target not found
Refreshing native plugins compatible for Editor in 0.23 ms, found 1 plugins.
Preloading 0 native plugins for Editor in 0.00 ms.
Invoked RoslynAnalysisRunner static constructor.
RoslynAnalysisRunner will not be running.
RoslynAnalysisRunner has terminated.
Mono: successfully reloaded assembly
- Completed reload, in  0.867 seconds
Platform modules already initialized, skipping
Refreshing native plugins compatible for Editor in 0.18 ms, found 1 plugins.
Preloading 0 native plugins for Editor in 0.00 ms.
Unloading 1116 Unused Serialized files (Serialized files now loaded: 0)
System memory in use before: 130.8 MB.
System memory in use after: 130.9 MB.

Unloading 5 unused Assets to reduce memory usage. Loaded Objects now: 1646.
Total: 1.501974 ms (FindLiveObjects: 0.141947 ms CreateObjectMapping: 0.034213 ms MarkObjects: 1.284943 ms  DeleteObjects: 0.039724 ms)

========================================================================
Received Import Request.
  Time since last request: 75.239015 seconds.
  path: Assets/JumpFloor.prefab
  artifactKey: Guid(c253b93dc0d6d4feea68e3732f54765d) Importer(815301076,1909f56bfc062723c751e8b465ee728b)
Start importing Assets/JumpFloor.prefab using Guid(c253b93dc0d6d4feea68e3732f54765d) Importer(815301076,1909f56bfc062723c751e8b465ee728b)  -> (artifact id: 'c8b7bf71102011d9ae009a6358cbb54a') in 0.070825 seconds
  Import took 0.073752 seconds .

========================================================================
Received Import Request.
  Time since last request: 18.240219 seconds.
  path: Assets/Scripts/WarpFloor.cs
  artifactKey: Guid(0a473ab0bbe1b4546af8a5f04e852ed7) Importer(815301076,1909f56bfc062723c751e8b465ee728b)
Start importing Assets/Scripts/WarpFloor.cs using Guid(0a473ab0bbe1b4546af8a5f04e852ed7) Importer(815301076,1909f56bfc062723c751e8b465ee728b)  -> (artifact id: '98bc53129daad345d91982d7720b03ab') in 0.005329 seconds
  Import took 0.007380 seconds .

========================================================================
Received Prepare
Registering precompiled user dll's ...
Registered in 0.000297 seconds.
Begin MonoManager ReloadAssembly
Native extension for OSXStandalone target not found
Refreshing native plugins compatible for Editor in 0.22 ms, found 1 plugins.
Preloading 0 native plugins for Editor in 0.00 ms.
Invoked RoslynAnalysisRunner static constructor.
RoslynAnalysisRunner will not be running.
RoslynAnalysisRunner has terminated.
Mono: successfully reloaded assembly
- Completed reload, in  0.894 seconds
Platform modules already initialized, skipping
Refreshing native plugins compatible for Editor in 0.19 ms, found 1 plugins.
Preloading 0 native plugins for Editor in 0.00 ms.
Unloading 1117 Unused Serialized files (Serialized files now loaded: 0)
System memory in use before: 131.1 MB.
System memory in use after: 131.2 MB.

Unloading 6 unused Assets to reduce memory usage. Loaded Objects now: 1651.
Total: 1.875576 ms (FindLiveObjects: 0.191887 ms CreateObjectMapping: 0.034746 ms MarkObjects: 1.586756 ms  DeleteObjects: 0.060918 ms)

========================================================================
Received Import Request.
  Time since last request: 104.168398 seconds.
  path: Assets/Scripts/WarpFloor.cs
  artifactKey: Guid(0a473ab0bbe1b4546af8a5f04e852ed7) Importer(815301076,1909f56bfc062723c751e8b465ee728b)
Start importing Assets/Scripts/WarpFloor.cs using Guid(0a473ab0bbe1b4546af8a5f04e852ed7) Importer(815301076,1909f56bfc062723c751e8b465ee728b)  -> (artifact id: '38c2e2004e80a500b2a9e706209d316f') in 0.003503 seconds
  Import took 0.006138 seconds .

========================================================================
Received Prepare
Registering precompiled user dll's ...
Registered in 0.000333 seconds.
Begin MonoManager ReloadAssembly
Native extension for OSXStandalone target not found
Refreshing native plugins compatible for Editor in 0.31 ms, found 1 plugins.
Preloading 0 native plugins for Editor in 0.00 ms.
Invoked RoslynAnalysisRunner static constructor.
RoslynAnalysisRunner will not be running.
RoslynAnalysisRunner has terminated.
Mono: successfully reloaded assembly
- Completed reload, in  0.912 seconds
Platform modules already initialized, skipping
Refreshing native plugins compatible for Editor in 0.26 ms, found 1 plugins.
Preloading 0 native plugins for Editor in 0.00 ms.
Unloading 1117 Unused Serialized files (Serialized files now loaded: 0)
System memory in use before: 131.3 MB.
System memory in use after: 131.4 MB.

Unloading 5 unused Assets to reduce memory usage. Loaded Objects now: 1654.
Total: 1.908592 ms (FindLiveObjects: 0.163964 ms CreateObjectMapping: 0.031969 ms MarkObjects: 1.658161 ms  DeleteObjects: 0.053313 ms)

========================================================================
Received Import Request.
  Time since last request: 66.778026 seconds.
  path: Assets/WarpFloor.prefab
  artifactKey: Guid(6836800c4327242a4a2973d6251618df) Importer(815301076,1909f56bfc062723c751e8b465ee728b)
Start importing Assets/WarpFloor.prefab using Guid(6836800c4327242a4a2973d6251618df) Importer(815301076,1909f56bfc062723c751e8b465ee728b)  -> (artifact id: '58306979e44dda9591b64b35cf1b5642') in 0.066667 seconds
  Import took 0.070318 seconds .

========================================================================
Received Import Request.
  Time since last request: 1892.592686 seconds.
  path: Assets/Scripts/PlayerController.cs
  artifactKey: Guid(9bfbb30749a7a47d9b1063ddd90faf43) Importer(815301076,1909f56bfc062723c751e8b465ee728b)
Start importing Assets/Scripts/PlayerController.cs using Guid(9bfbb30749a7a47d9b1063ddd90faf43) Importer(815301076,1909f56bfc062723c751e8b465ee728b)  -> (artifact id: 'ef7c695234008ff3e5539ebdd98d6480') in 0.003789 seconds
  Import took 0.007490 seconds .

========================================================================
Received Import Request.
  Time since last request: 100.791561 seconds.
  path: Assets/Scripts/PlayerController.cs
  artifactKey: Guid(9bfbb30749a7a47d9b1063ddd90faf43) Importer(815301076,1909f56bfc062723c751e8b465ee728b)
Start importing Assets/Scripts/PlayerController.cs using Guid(9bfbb30749a7a47d9b1063ddd90faf43) Importer(815301076,1909f56bfc062723c751e8b465ee728b)  -> (artifact id: '69ec45c6697b4b1399d8fa5002833460') in 0.001582 seconds
  Import took 0.004225 seconds .

========================================================================
Received Prepare
Registering precompiled user dll's ...
Registered in 0.000324 seconds.
Begin MonoManager ReloadAssembly
Native extension for OSXStandalone target not found
Refreshing native plugins compatible for Editor in 0.22 ms, found 1 plugins.
Preloading 0 native plugins for Editor in 0.00 ms.
Invoked RoslynAnalysisRunner static constructor.
RoslynAnalysisRunner will not be running.
RoslynAnalysisRunner has terminated.
Mono: successfully reloaded assembly
- Completed reload, in  0.879 seconds
Platform modules already initialized, skipping
Refreshing native plugins compatible for Editor in 0.26 ms, found 1 plugins.
Preloading 0 native plugins for Editor in 0.00 ms.
Unloading 1117 Unused Serialized files (Serialized files now loaded: 0)
System memory in use before: 131.7 MB.
System memory in use after: 131.7 MB.

Unloading 6 unused Assets to reduce memory usage. Loaded Objects now: 1658.
Total: 1.918149 ms (FindLiveObjects: 0.260503 ms CreateObjectMapping: 0.043920 ms MarkObjects: 1.555048 ms  DeleteObjects: 0.057245 ms)

========================================================================
Received Import Request.
  Time since last request: 19.176200 seconds.
  path: Assets/Scripts/PlayerController.cs
  artifactKey: Guid(9bfbb30749a7a47d9b1063ddd90faf43) Importer(815301076,1909f56bfc062723c751e8b465ee728b)
Start importing Assets/Scripts/PlayerController.cs using Guid(9bfbb30749a7a47d9b1063ddd90faf43) Importer(815301076,1909f56bfc062723c751e8b465ee728b)  -> (artifact id: '8d210daa868447abd6c5051397512e2e') in 0.005236 seconds
  Import took 0.007450 seconds .

========================================================================
Received Prepare
Registering precompiled user dll's ...
Registered in 0.000294 seconds.
Begin MonoManager ReloadAssembly
Native extension for OSXStandalone target not found
Refreshing native plugins compatible for Editor in 0.22 ms, found 1 plugins.
Preloading 0 native plugins for Editor in 0.00 ms.
Invoked RoslynAnalysisRunner static constructor.
RoslynAnalysisRunner will not be running.
RoslynAnalysisRunner has terminated.
Mono: successfully reloaded assembly
- Completed reload, in  0.860 seconds
Platform modules already initialized, skipping
Refreshing native plugins compatible for Editor in 0.29 ms, found 1 plugins.
Preloading 0 native plugins for Editor in 0.00 ms.
Unloading 1117 Unused Serialized files (Serialized files now loaded: 0)
System memory in use before: 131.8 MB.
System memory in use after: 131.9 MB.

Unloading 5 unused Assets to reduce memory usage. Loaded Objects now: 1661.
Total: 1.773117 ms (FindLiveObjects: 0.181552 ms CreateObjectMapping: 0.038224 ms MarkObjects: 1.497406 ms  DeleteObjects: 0.053361 ms)

========================================================================
Received Prepare
Registering precompiled user dll's ...
Registered in 0.000362 seconds.
Begin MonoManager ReloadAssembly
Native extension for OSXStandalone target not found
Refreshing native plugins compatible for Editor in 0.23 ms, found 1 plugins.
Preloading 0 native plugins for Editor in 0.00 ms.
Invoked RoslynAnalysisRunner static constructor.
RoslynAnalysisRunner will not be running.
RoslynAnalysisRunner has terminated.
Mono: successfully reloaded assembly
- Completed reload, in  0.877 seconds
Platform modules already initialized, skipping
Refreshing native plugins compatible for Editor in 0.22 ms, found 1 plugins.
Preloading 0 native plugins for Editor in 0.00 ms.
Unloading 1117 Unused Serialized files (Serialized files now loaded: 0)
System memory in use before: 132.0 MB.
System memory in use after: 132.1 MB.

Unloading 5 unused Assets to reduce memory usage. Loaded Objects now: 1664.
Total: 1.803724 ms (FindLiveObjects: 0.168025 ms CreateObjectMapping: 0.047496 ms MarkObjects: 1.542596 ms  DeleteObjects: 0.044308 ms)

========================================================================
Received Prepare
Registering precompiled user dll's ...
Registered in 0.000552 seconds.
Begin MonoManager ReloadAssembly
Native extension for OSXStandalone target not found
Refreshing native plugins compatible for Editor in 0.35 ms, found 1 plugins.
Preloading 0 native plugins for Editor in 0.00 ms.
Invoked RoslynAnalysisRunner static constructor.
RoslynAnalysisRunner will not be running.
RoslynAnalysisRunner has terminated.
Mono: successfully reloaded assembly
- Completed reload, in  0.891 seconds
Platform modules already initialized, skipping
Refreshing native plugins compatible for Editor in 0.23 ms, found 1 plugins.
Preloading 0 native plugins for Editor in 0.00 ms.
Unloading 1117 Unused Serialized files (Serialized files now loaded: 0)
System memory in use before: 132.2 MB.
System memory in use after: 132.3 MB.

Unloading 5 unused Assets to reduce memory usage. Loaded Objects now: 1667.
Total: 2.054831 ms (FindLiveObjects: 0.231940 ms CreateObjectMapping: 0.045075 ms MarkObjects: 1.723411 ms  DeleteObjects: 0.052819 ms)

========================================================================
Received Prepare
Registering precompiled user dll's ...
Registered in 0.000449 seconds.
Begin MonoManager ReloadAssembly
Native extension for OSXStandalone target not found
Refreshing native plugins compatible for Editor in 0.21 ms, found 1 plugins.
Preloading 0 native plugins for Editor in 0.00 ms.
Invoked RoslynAnalysisRunner static constructor.
RoslynAnalysisRunner will not be running.
RoslynAnalysisRunner has terminated.
Mono: successfully reloaded assembly
- Completed reload, in  0.847 seconds
Platform modules already initialized, skipping
Refreshing native plugins compatible for Editor in 0.17 ms, found 1 plugins.
Preloading 0 native plugins for Editor in 0.00 ms.
Unloading 1117 Unused Serialized files (Serialized files now loaded: 0)
System memory in use before: 132.4 MB.
System memory in use after: 132.4 MB.

Unloading 5 unused Assets to reduce memory usage. Loaded Objects now: 1670.
Total: 1.515376 ms (FindLiveObjects: 0.192422 ms CreateObjectMapping: 0.035279 ms MarkObjects: 1.245222 ms  DeleteObjects: 0.041442 ms)

========================================================================
Received Prepare
Registering precompiled user dll's ...
Registered in 0.000386 seconds.
Begin MonoManager ReloadAssembly
Native extension for OSXStandalone target not found
Refreshing native plugins compatible for Editor in 0.34 ms, found 1 plugins.
Preloading 0 native plugins for Editor in 0.00 ms.
Invoked RoslynAnalysisRunner static constructor.
RoslynAnalysisRunner will not be running.
RoslynAnalysisRunner has terminated.
Mono: successfully reloaded assembly
- Completed reload, in  0.928 seconds
Platform modules already initialized, skipping
Refreshing native plugins compatible for Editor in 0.26 ms, found 1 plugins.
Preloading 0 native plugins for Editor in 0.00 ms.
Unloading 1117 Unused Serialized files (Serialized files now loaded: 0)
System memory in use before: 132.6 MB.
System memory in use after: 132.6 MB.

Unloading 5 unused Assets to reduce memory usage. Loaded Objects now: 1673.
Total: 2.851947 ms (FindLiveObjects: 0.260357 ms CreateObjectMapping: 0.071500 ms MarkObjects: 2.457189 ms  DeleteObjects: 0.061071 ms)

========================================================================
Received Prepare
Registering precompiled user dll's ...
Registered in 0.000380 seconds.
Begin MonoManager ReloadAssembly
Native extension for OSXStandalone target not found
Refreshing native plugins compatible for Editor in 0.22 ms, found 1 plugins.
Preloading 0 native plugins for Editor in 0.00 ms.
Invoked RoslynAnalysisRunner static constructor.
RoslynAnalysisRunner will not be running.
RoslynAnalysisRunner has terminated.
Mono: successfully reloaded assembly
- Completed reload, in  0.828 seconds
Platform modules already initialized, skipping
Refreshing native plugins compatible for Editor in 0.34 ms, found 1 plugins.
Preloading 0 native plugins for Editor in 0.00 ms.
Unloading 1117 Unused Serialized files (Serialized files now loaded: 0)
System memory in use before: 132.7 MB.
System memory in use after: 132.8 MB.

Unloading 5 unused Assets to reduce memory usage. Loaded Objects now: 1676.
Total: 1.688370 ms (FindLiveObjects: 0.175579 ms CreateObjectMapping: 0.039529 ms MarkObjects: 1.423696 ms  DeleteObjects: 0.047958 ms)

========================================================================
Received Prepare
Registering precompiled user dll's ...
Registered in 0.000329 seconds.
Begin MonoManager ReloadAssembly
Native extension for OSXStandalone target not found
Refreshing native plugins compatible for Editor in 0.22 ms, found 1 plugins.
Preloading 0 native plugins for Editor in 0.00 ms.
Invoked RoslynAnalysisRunner static constructor.
RoslynAnalysisRunner will not be running.
RoslynAnalysisRunner has terminated.
Mono: successfully reloaded assembly
- Completed reload, in  0.860 seconds
Platform modules already initialized, skipping
Refreshing native plugins compatible for Editor in 0.18 ms, found 1 plugins.
Preloading 0 native plugins for Editor in 0.00 ms.
Unloading 1117 Unused Serialized files (Serialized files now loaded: 0)
System memory in use before: 133.0 MB.
System memory in use after: 133.0 MB.

Unloading 5 unused Assets to reduce memory usage. Loaded Objects now: 1679.
Total: 1.984140 ms (FindLiveObjects: 0.239068 ms CreateObjectMapping: 0.053890 ms MarkObjects: 1.636626 ms  DeleteObjects: 0.052869 ms)

========================================================================
Received Prepare
Registering precompiled user dll's ...
Registered in 0.000398 seconds.
Begin MonoManager ReloadAssembly
Native extension for OSXStandalone target not found
Refreshing native plugins compatible for Editor in 0.22 ms, found 1 plugins.
Preloading 0 native plugins for Editor in 0.00 ms.
Invoked RoslynAnalysisRunner static constructor.
RoslynAnalysisRunner will not be running.
RoslynAnalysisRunner has terminated.
Mono: successfully reloaded assembly
- Completed reload, in  0.824 seconds
Platform modules already initialized, skipping
Refreshing native plugins compatible for Editor in 0.17 ms, found 1 plugins.
Preloading 0 native plugins for Editor in 0.00 ms.
Unloading 1117 Unused Serialized files (Serialized files now loaded: 0)
System memory in use before: 133.1 MB.
System memory in use after: 133.2 MB.

Unloading 5 unused Assets to reduce memory usage. Loaded Objects now: 1682.
Total: 2.488000 ms (FindLiveObjects: 0.212643 ms CreateObjectMapping: 0.060551 ms MarkObjects: 2.130901 ms  DeleteObjects: 0.081996 ms)

========================================================================
Received Prepare
Registering precompiled user dll's ...
Registered in 0.001263 seconds.
Begin MonoManager ReloadAssembly
Native extension for OSXStandalone target not found
Refreshing native plugins compatible for Editor in 0.24 ms, found 1 plugins.
Preloading 0 native plugins for Editor in 0.00 ms.
Invoked RoslynAnalysisRunner static constructor.
RoslynAnalysisRunner will not be running.
RoslynAnalysisRunner has terminated.
Mono: successfully reloaded assembly
- Completed reload, in  0.884 seconds
Platform modules already initialized, skipping
Refreshing native plugins compatible for Editor in 0.20 ms, found 1 plugins.
Preloading 0 native plugins for Editor in 0.00 ms.
Unloading 1117 Unused Serialized files (Serialized files now loaded: 0)
System memory in use before: 133.3 MB.
System memory in use after: 133.4 MB.

Unloading 5 unused Assets to reduce memory usage. Loaded Objects now: 1685.
Total: 1.787022 ms (FindLiveObjects: 0.159233 ms CreateObjectMapping: 0.037373 ms MarkObjects: 1.538141 ms  DeleteObjects: 0.050909 ms)

========================================================================
Received Prepare
Registering precompiled user dll's ...
Registered in 0.000797 seconds.
Begin MonoManager ReloadAssembly
Native extension for OSXStandalone target not found
Refreshing native plugins compatible for Editor in 0.28 ms, found 1 plugins.
Preloading 0 native plugins for Editor in 0.00 ms.
Invoked RoslynAnalysisRunner static constructor.
RoslynAnalysisRunner will not be running.
RoslynAnalysisRunner has terminated.
Mono: successfully reloaded assembly
- Completed reload, in  0.885 seconds
Platform modules already initialized, skipping
Refreshing native plugins compatible for Editor in 0.17 ms, found 1 plugins.
Preloading 0 native plugins for Editor in 0.00 ms.
Unloading 1117 Unused Serialized files (Serialized files now loaded: 0)
System memory in use before: 133.5 MB.
System memory in use after: 133.6 MB.

Unloading 5 unused Assets to reduce memory usage. Loaded Objects now: 1688.
Total: 1.595913 ms (FindLiveObjects: 0.190677 ms CreateObjectMapping: 0.035283 ms MarkObjects: 1.327815 ms  DeleteObjects: 0.041072 ms)

========================================================================
Received Prepare
Registering precompiled user dll's ...
Registered in 0.000327 seconds.
Begin MonoManager ReloadAssembly
Native extension for OSXStandalone target not found
Refreshing native plugins compatible for Editor in 0.22 ms, found 1 plugins.
Preloading 0 native plugins for Editor in 0.00 ms.
Invoked RoslynAnalysisRunner static constructor.
RoslynAnalysisRunner will not be running.
RoslynAnalysisRunner has terminated.
Mono: successfully reloaded assembly
- Completed reload, in  0.914 seconds
Platform modules already initialized, skipping
Refreshing native plugins compatible for Editor in 0.22 ms, found 1 plugins.
Preloading 0 native plugins for Editor in 0.00 ms.
Unloading 1117 Unused Serialized files (Serialized files now loaded: 0)
System memory in use before: 133.7 MB.
System memory in use after: 133.8 MB.

Unloading 5 unused Assets to reduce memory usage. Loaded Objects now: 1691.
Total: 1.658796 ms (FindLiveObjects: 0.230061 ms CreateObjectMapping: 0.035002 ms MarkObjects: 1.344821 ms  DeleteObjects: 0.047852 ms)

========================================================================
Received Prepare
Registering precompiled user dll's ...
Registered in 0.000524 seconds.
Begin MonoManager ReloadAssembly
Native extension for OSXStandalone target not found
Refreshing native plugins compatible for Editor in 0.22 ms, found 1 plugins.
Preloading 0 native plugins for Editor in 0.00 ms.
Invoked RoslynAnalysisRunner static constructor.
RoslynAnalysisRunner will not be running.
RoslynAnalysisRunner has terminated.
Mono: successfully reloaded assembly
- Completed reload, in  0.855 seconds
Platform modules already initialized, skipping
Refreshing native plugins compatible for Editor in 0.18 ms, found 1 plugins.
Preloading 0 native plugins for Editor in 0.00 ms.
Unloading 1117 Unused Serialized files (Serialized files now loaded: 0)
System memory in use before: 133.9 MB.
System memory in use after: 134.0 MB.

Unloading 5 unused Assets to reduce memory usage. Loaded Objects now: 1694.
Total: 1.507565 ms (FindLiveObjects: 0.157737 ms CreateObjectMapping: 0.035150 ms MarkObjects: 1.266057 ms  DeleteObjects: 0.047657 ms)

========================================================================
Received Prepare
Registering precompiled user dll's ...
Registered in 0.000584 seconds.
Begin MonoManager ReloadAssembly
Native extension for OSXStandalone target not found
Refreshing native plugins compatible for Editor in 0.36 ms, found 1 plugins.
Preloading 0 native plugins for Editor in 0.00 ms.
Invoked RoslynAnalysisRunner static constructor.
RoslynAnalysisRunner will not be running.
RoslynAnalysisRunner has terminated.
Mono: successfully reloaded assembly
- Completed reload, in  1.030 seconds
Platform modules already initialized, skipping
Refreshing native plugins compatible for Editor in 0.21 ms, found 1 plugins.
Preloading 0 native plugins for Editor in 0.00 ms.
Unloading 1117 Unused Serialized files (Serialized files now loaded: 0)
System memory in use before: 134.1 MB.
System memory in use after: 134.1 MB.

Unloading 5 unused Assets to reduce memory usage. Loaded Objects now: 1697.
Total: 1.862972 ms (FindLiveObjects: 0.274397 ms CreateObjectMapping: 0.033746 ms MarkObjects: 1.507653 ms  DeleteObjects: 0.046105 ms)

========================================================================
Received Prepare
Registering precompiled user dll's ...
Registered in 0.000338 seconds.
Begin MonoManager ReloadAssembly
Native extension for OSXStandalone target not found
Refreshing native plugins compatible for Editor in 0.27 ms, found 1 plugins.
Preloading 0 native plugins for Editor in 0.00 ms.
Invoked RoslynAnalysisRunner static constructor.
RoslynAnalysisRunner will not be running.
RoslynAnalysisRunner has terminated.
Mono: successfully reloaded assembly
- Completed reload, in  0.865 seconds
Platform modules already initialized, skipping
Refreshing native plugins compatible for Editor in 0.16 ms, found 1 plugins.
Preloading 0 native plugins for Editor in 0.00 ms.
Unloading 1117 Unused Serialized files (Serialized files now loaded: 0)
System memory in use before: 134.3 MB.
System memory in use after: 134.3 MB.

Unloading 5 unused Assets to reduce memory usage. Loaded Objects now: 1700.
Total: 1.655198 ms (FindLiveObjects: 0.157188 ms CreateObjectMapping: 0.041627 ms MarkObjects: 1.409540 ms  DeleteObjects: 0.045494 ms)

========================================================================
Received Prepare
Registering precompiled user dll's ...
Registered in 0.000568 seconds.
Begin MonoManager ReloadAssembly
Native extension for OSXStandalone target not found
Refreshing native plugins compatible for Editor in 0.22 ms, found 1 plugins.
Preloading 0 native plugins for Editor in 0.00 ms.
Invoked RoslynAnalysisRunner static constructor.
RoslynAnalysisRunner will not be running.
RoslynAnalysisRunner has terminated.
Mono: successfully reloaded assembly
- Completed reload, in  0.858 seconds
Platform modules already initialized, skipping
Refreshing native plugins compatible for Editor in 0.21 ms, found 1 plugins.
Preloading 0 native plugins for Editor in 0.00 ms.
Unloading 1117 Unused Serialized files (Serialized files now loaded: 0)
System memory in use before: 134.4 MB.
System memory in use after: 134.5 MB.

Unloading 5 unused Assets to reduce memory usage. Loaded Objects now: 1703.
Total: 2.484226 ms (FindLiveObjects: 0.233866 ms CreateObjectMapping: 0.060745 ms MarkObjects: 2.116736 ms  DeleteObjects: 0.071067 ms)

========================================================================
Received Prepare
Registering precompiled user dll's ...
Registered in 0.000328 seconds.
Begin MonoManager ReloadAssembly
Native extension for OSXStandalone target not found
Refreshing native plugins compatible for Editor in 0.22 ms, found 1 plugins.
Preloading 0 native plugins for Editor in 0.00 ms.
Invoked RoslynAnalysisRunner static constructor.
RoslynAnalysisRunner will not be running.
RoslynAnalysisRunner has terminated.
Mono: successfully reloaded assembly
- Completed reload, in  0.888 seconds
Platform modules already initialized, skipping
Refreshing native plugins compatible for Editor in 0.24 ms, found 1 plugins.
Preloading 0 native plugins for Editor in 0.00 ms.
Unloading 1117 Unused Serialized files (Serialized files now loaded: 0)
System memory in use before: 134.6 MB.
System memory in use after: 134.7 MB.

Unloading 5 unused Assets to reduce memory usage. Loaded Objects now: 1706.
Total: 2.248484 ms (FindLiveObjects: 0.194924 ms CreateObjectMapping: 0.036542 ms MarkObjects: 1.946596 ms  DeleteObjects: 0.068367 ms)

========================================================================
Received Prepare
Registering precompiled user dll's ...
Registered in 0.000472 seconds.
Begin MonoManager ReloadAssembly
Native extension for OSXStandalone target not found
Refreshing native plugins compatible for Editor in 0.30 ms, found 1 plugins.
Preloading 0 native plugins for Editor in 0.00 ms.
Invoked RoslynAnalysisRunner static constructor.
RoslynAnalysisRunner will not be running.
RoslynAnalysisRunner has terminated.
Mono: successfully reloaded assembly
- Completed reload, in  0.841 seconds
Platform modules already initialized, skipping
Refreshing native plugins compatible for Editor in 0.26 ms, found 1 plugins.
Preloading 0 native plugins for Editor in 0.00 ms.
Unloading 1117 Unused Serialized files (Serialized files now loaded: 0)
System memory in use before: 134.8 MB.
System memory in use after: 134.9 MB.

Unloading 5 unused Assets to reduce memory usage. Loaded Objects now: 1709.
Total: 1.651966 ms (FindLiveObjects: 0.160077 ms CreateObjectMapping: 0.035904 ms MarkObjects: 1.404035 ms  DeleteObjects: 0.050432 ms)

========================================================================
Received Prepare
Registering precompiled user dll's ...
Registered in 0.000273 seconds.
Begin MonoManager ReloadAssembly
Native extension for OSXStandalone target not found
Refreshing native plugins compatible for Editor in 0.22 ms, found 1 plugins.
Preloading 0 native plugins for Editor in 0.00 ms.
Invoked RoslynAnalysisRunner static constructor.
RoslynAnalysisRunner will not be running.
RoslynAnalysisRunner has terminated.
Mono: successfully reloaded assembly
- Completed reload, in  0.857 seconds
Platform modules already initialized, skipping
Refreshing native plugins compatible for Editor in 0.16 ms, found 1 plugins.
Preloading 0 native plugins for Editor in 0.00 ms.
Unloading 1117 Unused Serialized files (Serialized files now loaded: 0)
System memory in use before: 135.0 MB.
System memory in use after: 135.0 MB.

Unloading 5 unused Assets to reduce memory usage. Loaded Objects now: 1712.
Total: 1.732661 ms (FindLiveObjects: 0.183224 ms CreateObjectMapping: 0.034563 ms MarkObjects: 1.465823 ms  DeleteObjects: 0.047727 ms)

========================================================================
Received Prepare
Registering precompiled user dll's ...
Registered in 0.000800 seconds.
Begin MonoManager ReloadAssembly
Native extension for OSXStandalone target not found
Refreshing native plugins compatible for Editor in 0.22 ms, found 1 plugins.
Preloading 0 native plugins for Editor in 0.00 ms.
Invoked RoslynAnalysisRunner static constructor.
RoslynAnalysisRunner will not be running.
RoslynAnalysisRunner has terminated.
Mono: successfully reloaded assembly
- Completed reload, in  0.920 seconds
Platform modules already initialized, skipping
Refreshing native plugins compatible for Editor in 0.20 ms, found 1 plugins.
Preloading 0 native plugins for Editor in 0.00 ms.
Unloading 1117 Unused Serialized files (Serialized files now loaded: 0)
System memory in use before: 135.2 MB.
System memory in use after: 135.2 MB.

Unloading 5 unused Assets to reduce memory usage. Loaded Objects now: 1715.
Total: 1.606888 ms (FindLiveObjects: 0.261224 ms CreateObjectMapping: 0.035659 ms MarkObjects: 1.269159 ms  DeleteObjects: 0.039899 ms)

========================================================================
Received Prepare
Registering precompiled user dll's ...
Registered in 0.000387 seconds.
Begin MonoManager ReloadAssembly
Native extension for OSXStandalone target not found
Refreshing native plugins compatible for Editor in 0.35 ms, found 1 plugins.
Preloading 0 native plugins for Editor in 0.00 ms.
Invoked RoslynAnalysisRunner static constructor.
RoslynAnalysisRunner will not be running.
RoslynAnalysisRunner has terminated.
Mono: successfully reloaded assembly
- Completed reload, in  0.857 seconds
Platform modules already initialized, skipping
Refreshing native plugins compatible for Editor in 0.17 ms, found 1 plugins.
Preloading 0 native plugins for Editor in 0.00 ms.
Unloading 1117 Unused Serialized files (Serialized files now loaded: 0)
System memory in use before: 135.3 MB.
System memory in use after: 135.4 MB.

Unloading 5 unused Assets to reduce memory usage. Loaded Objects now: 1718.
Total: 1.530847 ms (FindLiveObjects: 0.184998 ms CreateObjectMapping: 0.034309 ms MarkObjects: 1.269199 ms  DeleteObjects: 0.041362 ms)

========================================================================
Received Prepare
Registering precompiled user dll's ...
Registered in 0.001130 seconds.
Begin MonoManager ReloadAssembly
Native extension for OSXStandalone target not found
Refreshing native plugins compatible for Editor in 0.22 ms, found 1 plugins.
Preloading 0 native plugins for Editor in 0.00 ms.
Invoked RoslynAnalysisRunner static constructor.
RoslynAnalysisRunner will not be running.
RoslynAnalysisRunner has terminated.
Mono: successfully reloaded assembly
- Completed reload, in  0.877 seconds
Platform modules already initialized, skipping
Refreshing native plugins compatible for Editor in 0.21 ms, found 1 plugins.
Preloading 0 native plugins for Editor in 0.00 ms.
Unloading 1117 Unused Serialized files (Serialized files now loaded: 0)
System memory in use before: 135.5 MB.
System memory in use after: 135.6 MB.

Unloading 5 unused Assets to reduce memory usage. Loaded Objects now: 1721.
Total: 2.193471 ms (FindLiveObjects: 0.226517 ms CreateObjectMapping: 0.060701 ms MarkObjects: 1.847909 ms  DeleteObjects: 0.056701 ms)

========================================================================
Received Prepare
Registering precompiled user dll's ...
Registered in 0.000308 seconds.
Begin MonoManager ReloadAssembly
Native extension for OSXStandalone target not found
Refreshing native plugins compatible for Editor in 0.22 ms, found 1 plugins.
Preloading 0 native plugins for Editor in 0.00 ms.
Invoked RoslynAnalysisRunner static constructor.
RoslynAnalysisRunner will not be running.
RoslynAnalysisRunner has terminated.
Mono: successfully reloaded assembly
- Completed reload, in  0.848 seconds
Platform modules already initialized, skipping
Refreshing native plugins compatible for Editor in 0.21 ms, found 1 plugins.
Preloading 0 native plugins for Editor in 0.00 ms.
Unloading 1117 Unused Serialized files (Serialized files now loaded: 0)
System memory in use before: 135.7 MB.
System memory in use after: 135.7 MB.

Unloading 5 unused Assets to reduce memory usage. Loaded Objects now: 1724.
Total: 1.536217 ms (FindLiveObjects: 0.164198 ms CreateObjectMapping: 0.036561 ms MarkObjects: 1.293960 ms  DeleteObjects: 0.040416 ms)

========================================================================
Received Prepare
Registering precompiled user dll's ...
Registered in 0.000626 seconds.
Begin MonoManager ReloadAssembly
Native extension for OSXStandalone target not found
Refreshing native plugins compatible for Editor in 0.22 ms, found 1 plugins.
Preloading 0 native plugins for Editor in 0.00 ms.
Invoked RoslynAnalysisRunner static constructor.
RoslynAnalysisRunner will not be running.
RoslynAnalysisRunner has terminated.
Mono: successfully reloaded assembly
- Completed reload, in  0.851 seconds
Platform modules already initialized, skipping
Refreshing native plugins compatible for Editor in 0.63 ms, found 1 plugins.
Preloading 0 native plugins for Editor in 0.00 ms.
Unloading 1117 Unused Serialized files (Serialized files now loaded: 0)
System memory in use before: 135.9 MB.
System memory in use after: 135.9 MB.

Unloading 5 unused Assets to reduce memory usage. Loaded Objects now: 1727.
Total: 1.729221 ms (FindLiveObjects: 0.202342 ms CreateObjectMapping: 0.034934 ms MarkObjects: 1.441806 ms  DeleteObjects: 0.048048 ms)

========================================================================
Received Prepare
Registering precompiled user dll's ...
Registered in 0.000392 seconds.
Begin MonoManager ReloadAssembly
Native extension for OSXStandalone target not found
Refreshing native plugins compatible for Editor in 0.23 ms, found 1 plugins.
Preloading 0 native plugins for Editor in 0.00 ms.
Invoked RoslynAnalysisRunner static constructor.
RoslynAnalysisRunner will not be running.
RoslynAnalysisRunner has terminated.
Mono: successfully reloaded assembly
- Completed reload, in  0.862 seconds
Platform modules already initialized, skipping
Refreshing native plugins compatible for Editor in 0.17 ms, found 1 plugins.
Preloading 0 native plugins for Editor in 0.00 ms.
Unloading 1117 Unused Serialized files (Serialized files now loaded: 0)
System memory in use before: 136.0 MB.
System memory in use after: 136.1 MB.

Unloading 5 unused Assets to reduce memory usage. Loaded Objects now: 1730.
Total: 1.540029 ms (FindLiveObjects: 0.171579 ms CreateObjectMapping: 0.033923 ms MarkObjects: 1.294623 ms  DeleteObjects: 0.038740 ms)

========================================================================
Received Prepare
Registering precompiled user dll's ...
Registered in 0.000383 seconds.
Begin MonoManager ReloadAssembly
Native extension for OSXStandalone target not found
Refreshing native plugins compatible for Editor in 0.24 ms, found 1 plugins.
Preloading 0 native plugins for Editor in 0.00 ms.
Invoked RoslynAnalysisRunner static constructor.
RoslynAnalysisRunner will not be running.
RoslynAnalysisRunner has terminated.
Mono: successfully reloaded assembly
- Completed reload, in  0.847 seconds
Platform modules already initialized, skipping
Refreshing native plugins compatible for Editor in 0.20 ms, found 1 plugins.
Preloading 0 native plugins for Editor in 0.00 ms.
Unloading 1117 Unused Serialized files (Serialized files now loaded: 0)
System memory in use before: 136.2 MB.
System memory in use after: 136.3 MB.

Unloading 5 unused Assets to reduce memory usage. Loaded Objects now: 1733.
Total: 1.805180 ms (FindLiveObjects: 0.249524 ms CreateObjectMapping: 0.037333 ms MarkObjects: 1.468505 ms  DeleteObjects: 0.048448 ms)

========================================================================
Received Prepare
Registering precompiled user dll's ...
Registered in 0.001206 seconds.
Begin MonoManager ReloadAssembly
Native extension for OSXStandalone target not found
Refreshing native plugins compatible for Editor in 0.24 ms, found 1 plugins.
Preloading 0 native plugins for Editor in 0.00 ms.
Invoked RoslynAnalysisRunner static constructor.
RoslynAnalysisRunner will not be running.
RoslynAnalysisRunner has terminated.
Mono: successfully reloaded assembly
- Completed reload, in  0.902 seconds
Platform modules already initialized, skipping
Refreshing native plugins compatible for Editor in 0.17 ms, found 1 plugins.
Preloading 0 native plugins for Editor in 0.00 ms.
Unloading 1117 Unused Serialized files (Serialized files now loaded: 0)
System memory in use before: 136.4 MB.
System memory in use after: 136.5 MB.

Unloading 5 unused Assets to reduce memory usage. Loaded Objects now: 1736.
Total: 2.053855 ms (FindLiveObjects: 0.332965 ms CreateObjectMapping: 0.035011 ms MarkObjects: 1.647057 ms  DeleteObjects: 0.037977 ms)

========================================================================
Received Prepare
Registering precompiled user dll's ...
Registered in 0.000331 seconds.
Begin MonoManager ReloadAssembly
Native extension for OSXStandalone target not found
Refreshing native plugins compatible for Editor in 0.23 ms, found 1 plugins.
Preloading 0 native plugins for Editor in 0.00 ms.
Invoked RoslynAnalysisRunner static constructor.
RoslynAnalysisRunner will not be running.
RoslynAnalysisRunner has terminated.
Mono: successfully reloaded assembly
- Completed reload, in  0.859 seconds
Platform modules already initialized, skipping
Refreshing native plugins compatible for Editor in 0.19 ms, found 1 plugins.
Preloading 0 native plugins for Editor in 0.00 ms.
Unloading 1117 Unused Serialized files (Serialized files now loaded: 0)
System memory in use before: 136.6 MB.
System memory in use after: 136.6 MB.

Unloading 5 unused Assets to reduce memory usage. Loaded Objects now: 1739.
Total: 2.031794 ms (FindLiveObjects: 0.257431 ms CreateObjectMapping: 0.065235 ms MarkObjects: 1.657612 ms  DeleteObjects: 0.050013 ms)

========================================================================
Received Prepare
Registering precompiled user dll's ...
Registered in 0.000300 seconds.
Begin MonoManager ReloadAssembly
Native extension for OSXStandalone target not found
Refreshing native plugins compatible for Editor in 0.22 ms, found 1 plugins.
Preloading 0 native plugins for Editor in 0.00 ms.
Invoked RoslynAnalysisRunner static constructor.
RoslynAnalysisRunner will not be running.
RoslynAnalysisRunner has terminated.
Mono: successfully reloaded assembly
- Completed reload, in  0.832 seconds
Platform modules already initialized, skipping
Refreshing native plugins compatible for Editor in 0.16 ms, found 1 plugins.
Preloading 0 native plugins for Editor in 0.00 ms.
Unloading 1117 Unused Serialized files (Serialized files now loaded: 0)
System memory in use before: 136.8 MB.
System memory in use after: 136.8 MB.

Unloading 5 unused Assets to reduce memory usage. Loaded Objects now: 1742.
Total: 2.367552 ms (FindLiveObjects: 0.214472 ms CreateObjectMapping: 0.063688 ms MarkObjects: 2.026785 ms  DeleteObjects: 0.060742 ms)

========================================================================
Received Prepare
Registering precompiled user dll's ...
Registered in 0.000418 seconds.
Begin MonoManager ReloadAssembly
Native extension for OSXStandalone target not found
Refreshing native plugins compatible for Editor in 0.23 ms, found 1 plugins.
Preloading 0 native plugins for Editor in 0.00 ms.
Invoked RoslynAnalysisRunner static constructor.
RoslynAnalysisRunner will not be running.
RoslynAnalysisRunner has terminated.
Mono: successfully reloaded assembly
- Completed reload, in  0.860 seconds
Platform modules already initialized, skipping
Refreshing native plugins compatible for Editor in 0.37 ms, found 1 plugins.
Preloading 0 native plugins for Editor in 0.00 ms.
Unloading 1117 Unused Serialized files (Serialized files now loaded: 0)
System memory in use before: 136.9 MB.
System memory in use after: 137.0 MB.

Unloading 5 unused Assets to reduce memory usage. Loaded Objects now: 1745.
Total: 1.891370 ms (FindLiveObjects: 0.179581 ms CreateObjectMapping: 0.042731 ms MarkObjects: 1.614448 ms  DeleteObjects: 0.053232 ms)

========================================================================
Received Prepare
Registering precompiled user dll's ...
Registered in 0.000305 seconds.
Begin MonoManager ReloadAssembly
Native extension for OSXStandalone target not found
Refreshing native plugins compatible for Editor in 0.25 ms, found 1 plugins.
Preloading 0 native plugins for Editor in 0.00 ms.
Invoked RoslynAnalysisRunner static constructor.
RoslynAnalysisRunner will not be running.
RoslynAnalysisRunner has terminated.
Mono: successfully reloaded assembly
- Completed reload, in  1.078 seconds
Platform modules already initialized, skipping
Refreshing native plugins compatible for Editor in 0.24 ms, found 1 plugins.
Preloading 0 native plugins for Editor in 0.00 ms.
Unloading 1117 Unused Serialized files (Serialized files now loaded: 0)
System memory in use before: 137.1 MB.
System memory in use after: 137.2 MB.

Unloading 5 unused Assets to reduce memory usage. Loaded Objects now: 1748.
Total: 2.407702 ms (FindLiveObjects: 0.374237 ms CreateObjectMapping: 0.104553 ms MarkObjects: 1.863666 ms  DeleteObjects: 0.061542 ms)

========================================================================
Received Prepare
Registering precompiled user dll's ...
Registered in 0.000419 seconds.
Begin MonoManager ReloadAssembly
Native extension for OSXStandalone target not found
Refreshing native plugins compatible for Editor in 0.24 ms, found 1 plugins.
Preloading 0 native plugins for Editor in 0.00 ms.
Invoked RoslynAnalysisRunner static constructor.
RoslynAnalysisRunner will not be running.
RoslynAnalysisRunner has terminated.
Mono: successfully reloaded assembly
- Completed reload, in  0.853 seconds
Platform modules already initialized, skipping
Refreshing native plugins compatible for Editor in 0.17 ms, found 1 plugins.
Preloading 0 native plugins for Editor in 0.00 ms.
Unloading 1117 Unused Serialized files (Serialized files now loaded: 0)
System memory in use before: 137.3 MB.
System memory in use after: 137.4 MB.

Unloading 5 unused Assets to reduce memory usage. Loaded Objects now: 1751.
Total: 1.534806 ms (FindLiveObjects: 0.226046 ms CreateObjectMapping: 0.033979 ms MarkObjects: 1.234674 ms  DeleteObjects: 0.038704 ms)

========================================================================
Received Import Request.
  Time since last request: 1196.059658 seconds.
  path: Assets/Scenes/Start.unity
  artifactKey: Guid(ff8ba5b204ac14a7798850b321de6b6b) Importer(815301076,1909f56bfc062723c751e8b465ee728b)
Start importing Assets/Scenes/Start.unity using Guid(ff8ba5b204ac14a7798850b321de6b6b) Importer(815301076,1909f56bfc062723c751e8b465ee728b)  -> (artifact id: '99476bba53d2921eda49723905dfe4bf') in 0.009160 seconds
  Import took 0.011121 seconds .

========================================================================
Received Import Request.
  Time since last request: 0.008413 seconds.
  path: Assets/Scenes/Start.unity
  artifactKey: Guid(ff8ba5b204ac14a7798850b321de6b6b) Importer(815301076,1909f56bfc062723c751e8b465ee728b)
Start importing Assets/Scenes/Start.unity using Guid(ff8ba5b204ac14a7798850b321de6b6b) Importer(815301076,1909f56bfc062723c751e8b465ee728b)  -> (artifact id: '99476bba53d2921eda49723905dfe4bf') in 0.001254 seconds
  Import took 0.003776 seconds .

========================================================================
Received Prepare
Registering precompiled user dll's ...
Registered in 0.000356 seconds.
Begin MonoManager ReloadAssembly
Native extension for OSXStandalone target not found
Refreshing native plugins compatible for Editor in 0.22 ms, found 1 plugins.
Preloading 0 native plugins for Editor in 0.00 ms.
Invoked RoslynAnalysisRunner static constructor.
RoslynAnalysisRunner will not be running.
RoslynAnalysisRunner has terminated.
Mono: successfully reloaded assembly
- Completed reload, in  0.872 seconds
Platform modules already initialized, skipping
Refreshing native plugins compatible for Editor in 0.18 ms, found 1 plugins.
Preloading 0 native plugins for Editor in 0.00 ms.
Unloading 1117 Unused Serialized files (Serialized files now loaded: 0)
System memory in use before: 137.5 MB.
System memory in use after: 137.6 MB.

Unloading 5 unused Assets to reduce memory usage. Loaded Objects now: 1754.
Total: 2.046150 ms (FindLiveObjects: 0.197299 ms CreateObjectMapping: 0.055701 ms MarkObjects: 1.723428 ms  DeleteObjects: 0.068135 ms)

========================================================================
Received Prepare
Registering precompiled user dll's ...
Registered in 0.001399 seconds.
Begin MonoManager ReloadAssembly
Native extension for OSXStandalone target not found
Refreshing native plugins compatible for Editor in 0.34 ms, found 1 plugins.
Preloading 0 native plugins for Editor in 0.00 ms.
Invoked RoslynAnalysisRunner static constructor.
RoslynAnalysisRunner will not be running.
RoslynAnalysisRunner has terminated.
Mono: successfully reloaded assembly
- Completed reload, in  0.917 seconds
Platform modules already initialized, skipping
Refreshing native plugins compatible for Editor in 0.20 ms, found 1 plugins.
Preloading 0 native plugins for Editor in 0.00 ms.
Unloading 1117 Unused Serialized files (Serialized files now loaded: 0)
System memory in use before: 137.7 MB.
System memory in use after: 137.8 MB.

Unloading 5 unused Assets to reduce memory usage. Loaded Objects now: 1757.
Total: 2.323980 ms (FindLiveObjects: 0.305480 ms CreateObjectMapping: 0.060356 ms MarkObjects: 1.876763 ms  DeleteObjects: 0.079806 ms)

